<?xml version="1.0" encoding="UTF-8"?>
<!-- Generated by org.testng.reporters.JUnitReportReporter -->
<testsuite skipped="0" hostname="DESKTOP-PJ5JRQT" name="com.selenium.testng.TestNG_Annotation" tests="2" failures="0" timestamp="09 Feb 2024 05:42:38 GMT" time="0.016" errors="0">
  <testcase name="testcase1" time="0.012" classname="com.selenium.testng.TestNG_Annotation"/>
  <testcase name="testcase2" time="0.004" classname="com.selenium.testng.TestNG_Annotation"/>
</testsuite> <!-- com.selenium.testng.TestNG_Annotation -->
