<?xml version="1.0" encoding="UTF-8"?>
<!-- Generated by org.testng.reporters.JUnitReportReporter -->
<testsuite skipped="0" hostname="DESKTOP-PJ5JRQT" name="com.selenium.testng.TestNG_Test" tests="3" failures="0" timestamp="13 Feb 2024 05:09:40 GMT" time="50.316" errors="0">
  <testcase name="alertOk" time="12.084" classname="com.selenium.testng.TestNG_Test"/>
  <testcase name="alert_sendkeys" time="28.114" classname="com.selenium.testng.TestNG_Test"/>
  <testcase name="alertcancel" time="10.118" classname="com.selenium.testng.TestNG_Test"/>
</testsuite> <!-- com.selenium.testng.TestNG_Test -->
