<?xml version="1.0" encoding="UTF-8"?>
<!-- Generated by org.testng.reporters.JUnitReportReporter -->
<testsuite skipped="0" hostname="DESKTOP-PJ5JRQT" name="com.selenium.testng.TestNG_Frame" tests="2" failures="0" timestamp="13 Feb 2024 05:09:40 GMT" time="12.359" errors="0">
  <testcase name="nestedframe" time="6.178" classname="com.selenium.testng.TestNG_Frame"/>
  <testcase name="singleframe" time="6.181" classname="com.selenium.testng.TestNG_Frame"/>
</testsuite> <!-- com.selenium.testng.TestNG_Frame -->
