<?xml version="1.0" encoding="UTF-8"?>
<!-- Generated by org.testng.reporters.JUnitReportReporter -->
<testsuite skipped="0" hostname="DESKTOP-PJ5JRQT" name="com.selenium.assertion.Assert_False" tests="1" failures="0" timestamp="14 Feb 2024 04:44:57 GMT" time="0.038" errors="0">
  <testcase name="assertFalse" time="0.038" classname="com.selenium.assertion.Assert_False"/>
</testsuite> <!-- com.selenium.assertion.Assert_False -->
