<?xml version="1.0" encoding="UTF-8"?>
<!-- Generated by org.testng.reporters.JUnitReportReporter -->
<testsuite skipped="0" hostname="DESKTOP-PJ5JRQT" name="com.selenium.testng.Test" tests="2" failures="0" timestamp="08 Feb 2024 05:31:44 GMT" time="0.003" errors="0">
  <testcase name="banana" time="0.002" classname="com.selenium.testng.Test"/>
  <testcase name="testmethod" time="0.001" classname="com.selenium.testng.Test"/>
</testsuite> <!-- com.selenium.testng.Test -->
