<?xml version="1.0" encoding="UTF-8"?>
<!-- Generated by org.testng.reporters.JUnitReportReporter -->
<testsuite skipped="0" hostname="DESKTOP-PJ5JRQT" name="com.selenium.assertion.Validation" tests="1" failures="0" timestamp="13 Feb 2024 05:19:25 GMT" time="11.243" errors="0">
  <testcase name="validateText" time="11.243" classname="com.selenium.assertion.Validation"/>
</testsuite> <!-- com.selenium.assertion.Validation -->
