<?xml version="1.0" encoding="UTF-8"?>
<!-- Generated by org.testng.reporters.JUnitReportReporter -->
<testsuite skipped="0" hostname="DESKTOP-PJ5JRQT" name="com.selenium.excel.ExcelRead" tests="1" failures="0" timestamp="15 Feb 2024 05:02:53 GMT" time="1.112" errors="0">
  <testcase name="excelread" time="1.112" classname="com.selenium.excel.ExcelRead"/>
</testsuite> <!-- com.selenium.excel.ExcelRead -->
