<?xml version="1.0" encoding="UTF-8"?>
<!-- Generated by org.testng.reporters.JUnitReportReporter -->
<testsuite skipped="0" hostname="DESKTOP-PJ5JRQT" name="com.selenium.assertion.AssertNotEqual" tests="1" failures="0" timestamp="13 Feb 2024 05:32:11 GMT" time="8.971" errors="0">
  <testcase name="assertequal" time="8.971" classname="com.selenium.assertion.AssertNotEqual"/>
</testsuite> <!-- com.selenium.assertion.AssertNotEqual -->
