<?xml version="1.0" encoding="UTF-8"?>
<!-- Generated by org.testng.reporters.JUnitReportReporter -->
<testsuite skipped="0" hostname="DESKTOP-PJ5JRQT" name="com.selenium.assertion.AssertNull" tests="2" failures="0" timestamp="13 Feb 2024 05:36:26 GMT" time="0.041" errors="0">
  <testcase name="assertNull" time="0.005" classname="com.selenium.assertion.AssertNull"/>
  <testcase name="assertNotNull" time="0.036" classname="com.selenium.assertion.AssertNull"/>
</testsuite> <!-- com.selenium.assertion.AssertNull -->
