<?xml version="1.0" encoding="UTF-8"?>
<!-- Generated by org.testng.reporters.JUnitReportReporter -->
<testsuite skipped="0" hostname="DESKTOP-PJ5JRQT" name="com.selenium.testng.TestNG_InvocationCount" tests="2" failures="0" timestamp="08 Feb 2024 05:36:39 GMT" time="20.724" errors="0">
  <testcase name="singleframe" time="9.486" classname="com.selenium.testng.TestNG_InvocationCount"/>
  <testcase name="singleframe" time="11.238" classname="com.selenium.testng.TestNG_InvocationCount"/>
</testsuite> <!-- com.selenium.testng.TestNG_InvocationCount -->
