<?xml version="1.0" encoding="UTF-8"?>
<!-- Generated by org.testng.reporters.JUnitReportReporter -->
<testsuite skipped="1" hostname="DESKTOP-PJ5JRQT" name="com.selenium.testng.TestNG_Enabled" tests="2" failures="0" timestamp="08 Feb 2024 05:25:14 GMT" time="12.644" errors="0">
  <testcase name="singleframe" time="12.644" classname="com.selenium.testng.TestNG_Enabled"/>
  <testcase name="nestedframe" classname="com.selenium.testng.TestNG_Enabled">
    <skipped/>
  </testcase> <!-- nestedframe -->
</testsuite> <!-- com.selenium.testng.TestNG_Enabled -->
